{"C:\\Users\\user\\tic-tac-toe-game\\src\\components\\App\\App.js": {"path":"C:\\Users\\user\\tic-tac-toe-game\\src\\components\\App\\App.js","statementMap":{"0":{"start":{"line":7,"column":4},"end":{"line":12,"column":6}}},"fnMap":{"0":{"name":"(anonymous_0)","decl":{"start":{"line":6,"column":2},"end":{"line":6,"column":3}},"loc":{"start":{"line":6,"column":11},"end":{"line":13,"column":3}},"line":6}},"branchMap":{},"s":{"0":2},"f":{"0":2},"b":{},"_coverageSchema":"43e27e138ebf9cfc5966b082cf9a028302ed4184","hash":"e655308c5b0b46017dd78fe0dcbfa2750e6d2567"}
,"C:\\Users\\user\\tic-tac-toe-game\\src\\components\\Board\\Board.js": {"path":"C:\\Users\\user\\tic-tac-toe-game\\src\\components\\Board\\Board.js","statementMap":{"0":{"start":{"line":6,"column":8},"end":{"line":6,"column":20}},"1":{"start":{"line":8,"column":8},"end":{"line":26,"column":9}},"2":{"start":{"line":28,"column":8},"end":{"line":28,"column":54}},"3":{"start":{"line":29,"column":8},"end":{"line":29,"column":64}},"4":{"start":{"line":30,"column":8},"end":{"line":30,"column":50}},"5":{"start":{"line":35,"column":8},"end":{"line":57,"column":9}},"6":{"start":{"line":35,"column":25},"end":{"line":35,"column":26}},"7":{"start":{"line":36,"column":30},"end":{"line":36,"column":56}},"8":{"start":{"line":38,"column":12},"end":{"line":56,"column":13}},"9":{"start":{"line":43,"column":16},"end":{"line":46,"column":18}},"10":{"start":{"line":47,"column":19},"end":{"line":56,"column":13}},"11":{"start":{"line":52,"column":16},"end":{"line":55,"column":18}},"12":{"start":{"line":61,"column":26},"end":{"line":61,"column":46}},"13":{"start":{"line":62,"column":30},"end":{"line":62,"column":49}},"14":{"start":{"line":63,"column":26},"end":{"line":63,"column":42}},"15":{"start":{"line":64,"column":32},"end":{"line":64,"column":55}},"16":{"start":{"line":65,"column":18},"end":{"line":65,"column":20}},"17":{"start":{"line":66,"column":25},"end":{"line":66,"column":29}},"18":{"start":{"line":71,"column":8},"end":{"line":82,"column":10}},"19":{"start":{"line":72,"column":28},"end":{"line":72,"column":60}},"20":{"start":{"line":73,"column":12},"end":{"line":73,"column":34}},"21":{"start":{"line":74,"column":12},"end":{"line":81,"column":13}},"22":{"start":{"line":75,"column":24},"end":{"line":75,"column":54}},"23":{"start":{"line":77,"column":16},"end":{"line":79,"column":17}},"24":{"start":{"line":78,"column":20},"end":{"line":78,"column":37}},"25":{"start":{"line":84,"column":8},"end":{"line":86,"column":9}},"26":{"start":{"line":85,"column":12},"end":{"line":85,"column":29}},"27":{"start":{"line":90,"column":8},"end":{"line":101,"column":10}},"28":{"start":{"line":91,"column":28},"end":{"line":91,"column":66}},"29":{"start":{"line":92,"column":12},"end":{"line":92,"column":34}},"30":{"start":{"line":93,"column":12},"end":{"line":100,"column":13}},"31":{"start":{"line":94,"column":24},"end":{"line":94,"column":54}},"32":{"start":{"line":96,"column":16},"end":{"line":98,"column":17}},"33":{"start":{"line":97,"column":20},"end":{"line":97,"column":37}},"34":{"start":{"line":103,"column":8},"end":{"line":105,"column":9}},"35":{"start":{"line":104,"column":12},"end":{"line":104,"column":29}},"36":{"start":{"line":107,"column":8},"end":{"line":118,"column":10}},"37":{"start":{"line":108,"column":28},"end":{"line":108,"column":60}},"38":{"start":{"line":109,"column":12},"end":{"line":109,"column":34}},"39":{"start":{"line":110,"column":12},"end":{"line":117,"column":13}},"40":{"start":{"line":111,"column":24},"end":{"line":111,"column":54}},"41":{"start":{"line":113,"column":16},"end":{"line":115,"column":17}},"42":{"start":{"line":114,"column":20},"end":{"line":114,"column":37}},"43":{"start":{"line":120,"column":8},"end":{"line":126,"column":10}},"44":{"start":{"line":121,"column":20},"end":{"line":121,"column":52}},"45":{"start":{"line":123,"column":12},"end":{"line":125,"column":13}},"46":{"start":{"line":124,"column":16},"end":{"line":124,"column":27}},"47":{"start":{"line":128,"column":23},"end":{"line":128,"column":41}},"48":{"start":{"line":129,"column":19},"end":{"line":129,"column":35}},"49":{"start":{"line":130,"column":26},"end":{"line":130,"column":30}},"50":{"start":{"line":132,"column":23},"end":{"line":132,"column":24}},"51":{"start":{"line":133,"column":8},"end":{"line":135,"column":9}},"52":{"start":{"line":134,"column":12},"end":{"line":134,"column":25}},"53":{"start":{"line":137,"column":26},"end":{"line":137,"column":38}},"54":{"start":{"line":138,"column":31},"end":{"line":138,"column":67}},"55":{"start":{"line":140,"column":8},"end":{"line":142,"column":9}},"56":{"start":{"line":141,"column":12},"end":{"line":141,"column":37}},"57":{"start":{"line":144,"column":19},"end":{"line":144,"column":78}},"58":{"start":{"line":146,"column":8},"end":{"line":146,"column":19}},"59":{"start":{"line":149,"column":18},"end":{"line":186,"column":5}},"60":{"start":{"line":150,"column":8},"end":{"line":152,"column":9}},"61":{"start":{"line":151,"column":12},"end":{"line":151,"column":18}},"62":{"start":{"line":154,"column":23},"end":{"line":154,"column":39}},"63":{"start":{"line":156,"column":8},"end":{"line":158,"column":9}},"64":{"start":{"line":157,"column":12},"end":{"line":157,"column":18}},"65":{"start":{"line":160,"column":8},"end":{"line":160,"column":45}},"66":{"start":{"line":161,"column":8},"end":{"line":164,"column":10}},"67":{"start":{"line":166,"column":8},"end":{"line":184,"column":16}},"68":{"start":{"line":167,"column":12},"end":{"line":167,"column":30}},"69":{"start":{"line":169,"column":12},"end":{"line":182,"column":13}},"70":{"start":{"line":170,"column":33},"end":{"line":170,"column":49}},"71":{"start":{"line":171,"column":30},"end":{"line":171,"column":45}},"72":{"start":{"line":173,"column":16},"end":{"line":173,"column":57}},"73":{"start":{"line":174,"column":16},"end":{"line":177,"column":18}},"74":{"start":{"line":179,"column":16},"end":{"line":181,"column":23}},"75":{"start":{"line":180,"column":20},"end":{"line":180,"column":38}},"76":{"start":{"line":188,"column":20},"end":{"line":198,"column":5}},"77":{"start":{"line":190,"column":20},"end":{"line":190,"column":22}},"78":{"start":{"line":191,"column":23},"end":{"line":195,"column":10}},"79":{"start":{"line":192,"column":12},"end":{"line":194,"column":13}},"80":{"start":{"line":193,"column":16},"end":{"line":193,"column":31}},"81":{"start":{"line":197,"column":8},"end":{"line":197,"column":21}},"82":{"start":{"line":200,"column":23},"end":{"line":210,"column":5}},"83":{"start":{"line":202,"column":20},"end":{"line":202,"column":22}},"84":{"start":{"line":203,"column":23},"end":{"line":207,"column":10}},"85":{"start":{"line":204,"column":12},"end":{"line":206,"column":13}},"86":{"start":{"line":205,"column":16},"end":{"line":205,"column":31}},"87":{"start":{"line":209,"column":8},"end":{"line":209,"column":21}},"88":{"start":{"line":212,"column":16},"end":{"line":222,"column":5}},"89":{"start":{"line":214,"column":20},"end":{"line":214,"column":22}},"90":{"start":{"line":215,"column":23},"end":{"line":219,"column":10}},"91":{"start":{"line":216,"column":12},"end":{"line":218,"column":13}},"92":{"start":{"line":217,"column":16},"end":{"line":217,"column":31}},"93":{"start":{"line":221,"column":8},"end":{"line":221,"column":21}},"94":{"start":{"line":225,"column":8},"end":{"line":230,"column":10}},"95":{"start":{"line":234,"column":26},"end":{"line":234,"column":91}},"96":{"start":{"line":235,"column":20},"end":{"line":245,"column":9}},"97":{"start":{"line":236,"column":12},"end":{"line":244,"column":18}},"98":{"start":{"line":238,"column":31},"end":{"line":238,"column":54}},"99":{"start":{"line":246,"column":8},"end":{"line":279,"column":9}},"100":{"start":{"line":273,"column":70},"end":{"line":273,"column":83}}},"fnMap":{"0":{"name":"(anonymous_0)","decl":{"start":{"line":5,"column":4},"end":{"line":5,"column":5}},"loc":{"start":{"line":5,"column":23},"end":{"line":31,"column":5}},"line":5},"1":{"name":"(anonymous_1)","decl":{"start":{"line":33,"column":4},"end":{"line":33,"column":5}},"loc":{"start":{"line":33,"column":18},"end":{"line":58,"column":5}},"line":33},"2":{"name":"(anonymous_2)","decl":{"start":{"line":60,"column":4},"end":{"line":60,"column":5}},"loc":{"start":{"line":60,"column":15},"end":{"line":147,"column":5}},"line":60},"3":{"name":"(anonymous_3)","decl":{"start":{"line":71,"column":26},"end":{"line":71,"column":27}},"loc":{"start":{"line":71,"column":42},"end":{"line":82,"column":9}},"line":71},"4":{"name":"(anonymous_4)","decl":{"start":{"line":90,"column":26},"end":{"line":90,"column":27}},"loc":{"start":{"line":90,"column":42},"end":{"line":101,"column":9}},"line":90},"5":{"name":"(anonymous_5)","decl":{"start":{"line":107,"column":26},"end":{"line":107,"column":27}},"loc":{"start":{"line":107,"column":42},"end":{"line":118,"column":9}},"line":107},"6":{"name":"(anonymous_6)","decl":{"start":{"line":120,"column":26},"end":{"line":120,"column":27}},"loc":{"start":{"line":120,"column":42},"end":{"line":126,"column":9}},"line":120},"7":{"name":"(anonymous_7)","decl":{"start":{"line":149,"column":18},"end":{"line":149,"column":19}},"loc":{"start":{"line":149,"column":27},"end":{"line":186,"column":5}},"line":149},"8":{"name":"(anonymous_8)","decl":{"start":{"line":166,"column":19},"end":{"line":166,"column":20}},"loc":{"start":{"line":166,"column":25},"end":{"line":184,"column":9}},"line":166},"9":{"name":"(anonymous_9)","decl":{"start":{"line":179,"column":27},"end":{"line":179,"column":28}},"loc":{"start":{"line":179,"column":33},"end":{"line":181,"column":17}},"line":179},"10":{"name":"(anonymous_10)","decl":{"start":{"line":188,"column":20},"end":{"line":188,"column":21}},"loc":{"start":{"line":188,"column":26},"end":{"line":198,"column":5}},"line":188},"11":{"name":"(anonymous_11)","decl":{"start":{"line":191,"column":50},"end":{"line":191,"column":51}},"loc":{"start":{"line":191,"column":72},"end":{"line":195,"column":9}},"line":191},"12":{"name":"(anonymous_12)","decl":{"start":{"line":200,"column":23},"end":{"line":200,"column":24}},"loc":{"start":{"line":200,"column":29},"end":{"line":210,"column":5}},"line":200},"13":{"name":"(anonymous_13)","decl":{"start":{"line":203,"column":50},"end":{"line":203,"column":51}},"loc":{"start":{"line":203,"column":72},"end":{"line":207,"column":9}},"line":203},"14":{"name":"(anonymous_14)","decl":{"start":{"line":212,"column":16},"end":{"line":212,"column":17}},"loc":{"start":{"line":212,"column":22},"end":{"line":222,"column":5}},"line":212},"15":{"name":"(anonymous_15)","decl":{"start":{"line":215,"column":50},"end":{"line":215,"column":51}},"loc":{"start":{"line":215,"column":72},"end":{"line":219,"column":9}},"line":215},"16":{"name":"(anonymous_16)","decl":{"start":{"line":224,"column":4},"end":{"line":224,"column":5}},"loc":{"start":{"line":224,"column":13},"end":{"line":231,"column":5}},"line":224},"17":{"name":"(anonymous_17)","decl":{"start":{"line":233,"column":4},"end":{"line":233,"column":5}},"loc":{"start":{"line":233,"column":13},"end":{"line":280,"column":5}},"line":233},"18":{"name":"(anonymous_18)","decl":{"start":{"line":235,"column":41},"end":{"line":235,"column":42}},"loc":{"start":{"line":236,"column":12},"end":{"line":244,"column":18}},"line":236},"19":{"name":"(anonymous_19)","decl":{"start":{"line":238,"column":25},"end":{"line":238,"column":26}},"loc":{"start":{"line":238,"column":31},"end":{"line":238,"column":54}},"line":238},"20":{"name":"(anonymous_20)","decl":{"start":{"line":273,"column":63},"end":{"line":273,"column":64}},"loc":{"start":{"line":273,"column":70},"end":{"line":273,"column":83}},"line":273}},"branchMap":{"0":{"loc":{"start":{"line":38,"column":12},"end":{"line":56,"column":13}},"type":"if","locations":[{"start":{"line":38,"column":12},"end":{"line":56,"column":13}},{"start":{"line":38,"column":12},"end":{"line":56,"column":13}}],"line":38},"1":{"loc":{"start":{"line":39,"column":16},"end":{"line":41,"column":59}},"type":"binary-expr","locations":[{"start":{"line":39,"column":16},"end":{"line":39,"column":59}},{"start":{"line":40,"column":16},"end":{"line":40,"column":59}},{"start":{"line":41,"column":16},"end":{"line":41,"column":59}}],"line":39},"2":{"loc":{"start":{"line":47,"column":19},"end":{"line":56,"column":13}},"type":"if","locations":[{"start":{"line":47,"column":19},"end":{"line":56,"column":13}},{"start":{"line":47,"column":19},"end":{"line":56,"column":13}}],"line":47},"3":{"loc":{"start":{"line":48,"column":16},"end":{"line":50,"column":59}},"type":"binary-expr","locations":[{"start":{"line":48,"column":16},"end":{"line":48,"column":59}},{"start":{"line":49,"column":16},"end":{"line":49,"column":59}},{"start":{"line":50,"column":16},"end":{"line":50,"column":59}}],"line":48},"4":{"loc":{"start":{"line":74,"column":12},"end":{"line":81,"column":13}},"type":"if","locations":[{"start":{"line":74,"column":12},"end":{"line":81,"column":13}},{"start":{"line":74,"column":12},"end":{"line":81,"column":13}}],"line":74},"5":{"loc":{"start":{"line":77,"column":16},"end":{"line":79,"column":17}},"type":"if","locations":[{"start":{"line":77,"column":16},"end":{"line":79,"column":17}},{"start":{"line":77,"column":16},"end":{"line":79,"column":17}}],"line":77},"6":{"loc":{"start":{"line":84,"column":8},"end":{"line":86,"column":9}},"type":"if","locations":[{"start":{"line":84,"column":8},"end":{"line":86,"column":9}},{"start":{"line":84,"column":8},"end":{"line":86,"column":9}}],"line":84},"7":{"loc":{"start":{"line":93,"column":12},"end":{"line":100,"column":13}},"type":"if","locations":[{"start":{"line":93,"column":12},"end":{"line":100,"column":13}},{"start":{"line":93,"column":12},"end":{"line":100,"column":13}}],"line":93},"8":{"loc":{"start":{"line":96,"column":16},"end":{"line":98,"column":17}},"type":"if","locations":[{"start":{"line":96,"column":16},"end":{"line":98,"column":17}},{"start":{"line":96,"column":16},"end":{"line":98,"column":17}}],"line":96},"9":{"loc":{"start":{"line":103,"column":8},"end":{"line":105,"column":9}},"type":"if","locations":[{"start":{"line":103,"column":8},"end":{"line":105,"column":9}},{"start":{"line":103,"column":8},"end":{"line":105,"column":9}}],"line":103},"10":{"loc":{"start":{"line":110,"column":12},"end":{"line":117,"column":13}},"type":"if","locations":[{"start":{"line":110,"column":12},"end":{"line":117,"column":13}},{"start":{"line":110,"column":12},"end":{"line":117,"column":13}}],"line":110},"11":{"loc":{"start":{"line":113,"column":16},"end":{"line":115,"column":17}},"type":"if","locations":[{"start":{"line":113,"column":16},"end":{"line":115,"column":17}},{"start":{"line":113,"column":16},"end":{"line":115,"column":17}}],"line":113},"12":{"loc":{"start":{"line":123,"column":12},"end":{"line":125,"column":13}},"type":"if","locations":[{"start":{"line":123,"column":12},"end":{"line":125,"column":13}},{"start":{"line":123,"column":12},"end":{"line":125,"column":13}}],"line":123},"13":{"loc":{"start":{"line":123,"column":16},"end":{"line":123,"column":55}},"type":"binary-expr","locations":[{"start":{"line":123,"column":16},"end":{"line":123,"column":17}},{"start":{"line":123,"column":21},"end":{"line":123,"column":55}}],"line":123},"14":{"loc":{"start":{"line":133,"column":8},"end":{"line":135,"column":9}},"type":"if","locations":[{"start":{"line":133,"column":8},"end":{"line":135,"column":9}},{"start":{"line":133,"column":8},"end":{"line":135,"column":9}}],"line":133},"15":{"loc":{"start":{"line":140,"column":8},"end":{"line":142,"column":9}},"type":"if","locations":[{"start":{"line":140,"column":8},"end":{"line":142,"column":9}},{"start":{"line":140,"column":8},"end":{"line":142,"column":9}}],"line":140},"16":{"loc":{"start":{"line":140,"column":12},"end":{"line":140,"column":66}},"type":"binary-expr","locations":[{"start":{"line":140,"column":12},"end":{"line":140,"column":41}},{"start":{"line":140,"column":45},"end":{"line":140,"column":66}}],"line":140},"17":{"loc":{"start":{"line":150,"column":8},"end":{"line":152,"column":9}},"type":"if","locations":[{"start":{"line":150,"column":8},"end":{"line":152,"column":9}},{"start":{"line":150,"column":8},"end":{"line":152,"column":9}}],"line":150},"18":{"loc":{"start":{"line":156,"column":8},"end":{"line":158,"column":9}},"type":"if","locations":[{"start":{"line":156,"column":8},"end":{"line":158,"column":9}},{"start":{"line":156,"column":8},"end":{"line":158,"column":9}}],"line":156},"19":{"loc":{"start":{"line":169,"column":12},"end":{"line":182,"column":13}},"type":"if","locations":[{"start":{"line":169,"column":12},"end":{"line":182,"column":13}},{"start":{"line":169,"column":12},"end":{"line":182,"column":13}}],"line":169},"20":{"loc":{"start":{"line":192,"column":12},"end":{"line":194,"column":13}},"type":"if","locations":[{"start":{"line":192,"column":12},"end":{"line":194,"column":13}},{"start":{"line":192,"column":12},"end":{"line":194,"column":13}}],"line":192},"21":{"loc":{"start":{"line":204,"column":12},"end":{"line":206,"column":13}},"type":"if","locations":[{"start":{"line":204,"column":12},"end":{"line":206,"column":13}},{"start":{"line":204,"column":12},"end":{"line":206,"column":13}}],"line":204},"22":{"loc":{"start":{"line":216,"column":12},"end":{"line":218,"column":13}},"type":"if","locations":[{"start":{"line":216,"column":12},"end":{"line":218,"column":13}},{"start":{"line":216,"column":12},"end":{"line":218,"column":13}}],"line":216},"23":{"loc":{"start":{"line":234,"column":26},"end":{"line":234,"column":91}},"type":"cond-expr","locations":[{"start":{"line":234,"column":70},"end":{"line":234,"column":79}},{"start":{"line":234,"column":82},"end":{"line":234,"column":91}}],"line":234},"24":{"loc":{"start":{"line":240,"column":20},"end":{"line":240,"column":119}},"type":"cond-expr","locations":[{"start":{"line":240,"column":94},"end":{"line":240,"column":114}},{"start":{"line":240,"column":117},"end":{"line":240,"column":119}}],"line":240},"25":{"loc":{"start":{"line":240,"column":20},"end":{"line":240,"column":91}},"type":"binary-expr","locations":[{"start":{"line":240,"column":20},"end":{"line":240,"column":42}},{"start":{"line":240,"column":46},"end":{"line":240,"column":91}}],"line":240},"26":{"loc":{"start":{"line":251,"column":17},"end":{"line":255,"column":22}},"type":"binary-expr","locations":[{"start":{"line":251,"column":17},"end":{"line":251,"column":58}},{"start":{"line":251,"column":62},"end":{"line":255,"column":22}}],"line":251},"27":{"loc":{"start":{"line":257,"column":17},"end":{"line":261,"column":22}},"type":"binary-expr","locations":[{"start":{"line":257,"column":17},"end":{"line":257,"column":58}},{"start":{"line":257,"column":62},"end":{"line":261,"column":22}}],"line":257},"28":{"loc":{"start":{"line":263,"column":17},"end":{"line":267,"column":22}},"type":"binary-expr","locations":[{"start":{"line":263,"column":18},"end":{"line":263,"column":44}},{"start":{"line":263,"column":48},"end":{"line":263,"column":79}},{"start":{"line":263,"column":84},"end":{"line":267,"column":22}}],"line":263},"29":{"loc":{"start":{"line":274,"column":21},"end":{"line":274,"column":96}},"type":"cond-expr","locations":[{"start":{"line":274,"column":76},"end":{"line":274,"column":86}},{"start":{"line":274,"column":89},"end":{"line":274,"column":96}}],"line":274},"30":{"loc":{"start":{"line":274,"column":21},"end":{"line":274,"column":73}},"type":"binary-expr","locations":[{"start":{"line":274,"column":21},"end":{"line":274,"column":38}},{"start":{"line":274,"column":42},"end":{"line":274,"column":73}}],"line":274}},"s":{"0":3,"1":3,"2":3,"3":3,"4":3,"5":0,"6":0,"7":0,"8":0,"9":0,"10":0,"11":0,"12":0,"13":0,"14":0,"15":0,"16":0,"17":0,"18":0,"19":0,"20":0,"21":0,"22":0,"23":0,"24":0,"25":0,"26":0,"27":0,"28":0,"29":0,"30":0,"31":0,"32":0,"33":0,"34":0,"35":0,"36":0,"37":0,"38":0,"39":0,"40":0,"41":0,"42":0,"43":0,"44":0,"45":0,"46":0,"47":0,"48":0,"49":0,"50":0,"51":0,"52":0,"53":0,"54":0,"55":0,"56":0,"57":0,"58":0,"59":3,"60":0,"61":0,"62":0,"63":0,"64":0,"65":0,"66":0,"67":0,"68":0,"69":0,"70":0,"71":0,"72":0,"73":0,"74":0,"75":0,"76":3,"77":6,"78":6,"79":54,"80":54,"81":6,"82":3,"83":0,"84":0,"85":0,"86":0,"87":0,"88":3,"89":0,"90":0,"91":0,"92":0,"93":0,"94":0,"95":3,"96":3,"97":27,"98":0,"99":3,"100":0},"f":{"0":3,"1":0,"2":0,"3":0,"4":0,"5":0,"6":0,"7":0,"8":0,"9":0,"10":6,"11":54,"12":0,"13":0,"14":0,"15":0,"16":0,"17":3,"18":27,"19":0,"20":0},"b":{"0":[0,0],"1":[0,0,0],"2":[0,0],"3":[0,0,0],"4":[0,0],"5":[0,0],"6":[0,0],"7":[0,0],"8":[0,0],"9":[0,0],"10":[0,0],"11":[0,0],"12":[0,0],"13":[0,0],"14":[0,0],"15":[0,0],"16":[0,0],"17":[0,0],"18":[0,0],"19":[0,0],"20":[54,0],"21":[0,0],"22":[0,0],"23":[0,3],"24":[0,27],"25":[27,0],"26":[3,0],"27":[3,0],"28":[3,3,0],"29":[0,3],"30":[3,3]},"_coverageSchema":"43e27e138ebf9cfc5966b082cf9a028302ed4184","hash":"3e1ef6c58241d5e50fa80d94df5e298c550f2043"}
,"C:\\Users\\user\\tic-tac-toe-game\\src\\components\\Index\\index.js": {"path":"C:\\Users\\user\\tic-tac-toe-game\\src\\components\\Index\\index.js","statementMap":{"0":{"start":{"line":7,"column":0},"end":{"line":8,"column":37}}},"fnMap":{},"branchMap":{},"s":{"0":0},"f":{},"b":{},"hash":"5c36f19db709fd2e0439b97c1a1cb75a23674af5"}
}
