TN:
SF:C:\Users\user\tic-tac-toe-game\src\components\App\App.js
FN:6,(anonymous_0)
FNF:1
FNH:1
FNDA:2,(anonymous_0)
DA:7,2
LF:1
LH:1
BRF:0
BRH:0
end_of_record
TN:
SF:C:\Users\user\tic-tac-toe-game\src\components\Board\Board.js
FN:5,(anonymous_0)
FN:33,(anonymous_1)
FN:60,(anonymous_2)
FN:71,(anonymous_3)
FN:90,(anonymous_4)
FN:107,(anonymous_5)
FN:120,(anonymous_6)
FN:149,(anonymous_7)
FN:166,(anonymous_8)
FN:179,(anonymous_9)
FN:188,(anonymous_10)
FN:191,(anonymous_11)
FN:200,(anonymous_12)
FN:203,(anonymous_13)
FN:212,(anonymous_14)
FN:215,(anonymous_15)
FN:224,(anonymous_16)
FN:233,(anonymous_17)
FN:235,(anonymous_18)
FN:238,(anonymous_19)
FN:273,(anonymous_20)
FNF:21
FNH:5
FNDA:3,(anonymous_0)
FNDA:0,(anonymous_1)
FNDA:0,(anonymous_2)
FNDA:0,(anonymous_3)
FNDA:0,(anonymous_4)
FNDA:0,(anonymous_5)
FNDA:0,(anonymous_6)
FNDA:0,(anonymous_7)
FNDA:0,(anonymous_8)
FNDA:0,(anonymous_9)
FNDA:6,(anonymous_10)
FNDA:54,(anonymous_11)
FNDA:0,(anonymous_12)
FNDA:0,(anonymous_13)
FNDA:0,(anonymous_14)
FNDA:0,(anonymous_15)
FNDA:0,(anonymous_16)
FNDA:3,(anonymous_17)
FNDA:27,(anonymous_18)
FNDA:0,(anonymous_19)
FNDA:0,(anonymous_20)
DA:6,3
DA:8,3
DA:28,3
DA:29,3
DA:30,3
DA:35,0
DA:36,0
DA:38,0
DA:43,0
DA:47,0
DA:52,0
DA:61,0
DA:62,0
DA:63,0
DA:64,0
DA:65,0
DA:66,0
DA:71,0
DA:72,0
DA:73,0
DA:74,0
DA:75,0
DA:77,0
DA:78,0
DA:84,0
DA:85,0
DA:90,0
DA:91,0
DA:92,0
DA:93,0
DA:94,0
DA:96,0
DA:97,0
DA:103,0
DA:104,0
DA:107,0
DA:108,0
DA:109,0
DA:110,0
DA:111,0
DA:113,0
DA:114,0
DA:120,0
DA:121,0
DA:123,0
DA:124,0
DA:128,0
DA:129,0
DA:130,0
DA:132,0
DA:133,0
DA:134,0
DA:137,0
DA:138,0
DA:140,0
DA:141,0
DA:144,0
DA:146,0
DA:149,3
DA:150,0
DA:151,0
DA:154,0
DA:156,0
DA:157,0
DA:160,0
DA:161,0
DA:166,0
DA:167,0
DA:169,0
DA:170,0
DA:171,0
DA:173,0
DA:174,0
DA:179,0
DA:180,0
DA:188,3
DA:190,6
DA:191,6
DA:192,54
DA:193,54
DA:197,6
DA:200,3
DA:202,0
DA:203,0
DA:204,0
DA:205,0
DA:209,0
DA:212,3
DA:214,0
DA:215,0
DA:216,0
DA:217,0
DA:221,0
DA:225,0
DA:234,3
DA:235,3
DA:236,27
DA:238,0
DA:246,3
DA:273,0
LF:100
LH:18
BRDA:38,0,0,0
BRDA:38,0,1,0
BRDA:39,1,0,0
BRDA:39,1,1,0
BRDA:39,1,2,0
BRDA:47,2,0,0
BRDA:47,2,1,0
BRDA:48,3,0,0
BRDA:48,3,1,0
BRDA:48,3,2,0
BRDA:74,4,0,0
BRDA:74,4,1,0
BRDA:77,5,0,0
BRDA:77,5,1,0
BRDA:84,6,0,0
BRDA:84,6,1,0
BRDA:93,7,0,0
BRDA:93,7,1,0
BRDA:96,8,0,0
BRDA:96,8,1,0
BRDA:103,9,0,0
BRDA:103,9,1,0
BRDA:110,10,0,0
BRDA:110,10,1,0
BRDA:113,11,0,0
BRDA:113,11,1,0
BRDA:123,12,0,0
BRDA:123,12,1,0
BRDA:123,13,0,0
BRDA:123,13,1,0
BRDA:133,14,0,0
BRDA:133,14,1,0
BRDA:140,15,0,0
BRDA:140,15,1,0
BRDA:140,16,0,0
BRDA:140,16,1,0
BRDA:150,17,0,0
BRDA:150,17,1,0
BRDA:156,18,0,0
BRDA:156,18,1,0
BRDA:169,19,0,0
BRDA:169,19,1,0
BRDA:192,20,0,54
BRDA:192,20,1,0
BRDA:204,21,0,0
BRDA:204,21,1,0
BRDA:216,22,0,0
BRDA:216,22,1,0
BRDA:234,23,0,0
BRDA:234,23,1,3
BRDA:240,24,0,0
BRDA:240,24,1,27
BRDA:240,25,0,27
BRDA:240,25,1,0
BRDA:251,26,0,3
BRDA:251,26,1,0
BRDA:257,27,0,3
BRDA:257,27,1,0
BRDA:263,28,0,3
BRDA:263,28,1,3
BRDA:263,28,2,0
BRDA:274,29,0,0
BRDA:274,29,1,3
BRDA:274,30,0,3
BRDA:274,30,1,3
BRF:65
BRH:11
end_of_record
TN:
SF:C:\Users\user\tic-tac-toe-game\src\components\Index\index.js
FNF:0
FNH:0
DA:7,0
LF:1
LH:0
BRF:0
BRH:0
end_of_record
